Arguments: 
  /usr/local/bin/node /usr/local/Cellar/yarn/1.22.4/libexec/bin/yarn.js add @types/node @babel/parser @babel/traverse @babel/template @babel-core

PATH: 
  /Library/Frameworks/Python.framework/Versions/3.6/bin:/Library/Frameworks/Python.framework/Versions/3.8/bin:/usr/local/bin:/usr/bin:/bin:/usr/sbin:/sbin:/Library/Apple/usr/bin

Yarn version: 
  1.22.4

Node version: 
  16.0.0

Platform: 
  darwin x64

Trace: 
  Error: http://npm.shopee.io/@babel-core: no such package available
      at Request.params.callback [as _callback] (/usr/local/Cellar/yarn/1.22.4/libexec/lib/cli.js:66987:18)
      at Request.self.callback (/usr/local/Cellar/yarn/1.22.4/libexec/lib/cli.js:140748:22)
      at Request.emit (node:events:365:28)
      at Request.<anonymous> (/usr/local/Cellar/yarn/1.22.4/libexec/lib/cli.js:141720:10)
      at Request.emit (node:events:365:28)
      at IncomingMessage.<anonymous> (/usr/local/Cellar/yarn/1.22.4/libexec/lib/cli.js:141642:12)
      at Object.onceWrapper (node:events:471:28)
      at IncomingMessage.emit (node:events:377:35)
      at endReadableNT (node:internal/streams/readable:1312:12)
      at processTicksAndRejections (node:internal/process/task_queues:83:21)

npm manifest: 
  {
    "name": "babel-exercize",
    "version": "1.0.0",
    "main": "index.js",
    "license": "MIT"
  }

yarn manifest: 
  No manifest

Lockfile: 
  No lockfile
